2026-03-31T10:13:42.873Z [INFO] [MonitorService] 热点监控服务启动...
2026-03-31T10:13:42.873Z [INFO] [DataSourceManager] 初始化数据源管理器...
2026-03-31T10:13:42.877Z [INFO] [DataSourceManager] 未找到数据源，创建默认数据源...
2026-03-31T10:13:43.176Z [INFO] [DataSourceManager] 已加载 6 个数据源
2026-03-31T10:13:43.178Z [INFO] [MonitorService] 启动任务: 数据获取 (每5分钟)
2026-03-31T10:13:43.179Z [INFO] [MonitorService] 启动任务: 数据清理 (每天凌晨)
2026-03-31T10:13:43.179Z [INFO] [MonitorService] 启动任务: 健康检查 (每10分钟)
2026-03-31T10:13:43.179Z [INFO] [MonitorService] 热点监控服务启动成功
2026-03-31T10:13:43.180Z [INFO] [MonitorService] 开始获取数据...
2026-03-31T10:13:43.183Z [INFO] [MonitorService] 找到 1 个活跃关键词
2026-03-31T10:13:43.186Z [INFO] [DataSourceManager] 从 WebScraper 获取数据...
2026-03-31T10:13:43.206Z [INFO] [DataSourceManager] 从 RSS 获取数据...
2026-03-31T10:13:43.210Z [INFO] [DataSourceManager] 从 Search 获取数据...
2026-03-31T10:13:45.276Z [INFO] [DataSourceManager] 获取到 0 条热点
2026-03-31T10:13:50.058Z [INFO] [DataSourceManager] 获取到 14 条热点
2026-03-31T10:14:13.214Z [WARN] [DataSourceManager] 从 RSS 获取数据超时
2026-03-31T10:14:13.215Z [INFO] [DataSourceManager] 从 微博热搜 获取数据...
2026-03-31T10:14:13.217Z [INFO] [DataSourceManager] 从 知乎热榜 获取数据...
2026-03-31T10:14:13.219Z [INFO] [DataSourceManager] 从 Hacker News 获取数据...
2026-03-31T10:14:13.484Z [WARN] [ZhihuDataSource] 知乎热榜获取失败 (尝试 1/3): Request failed with status code 403
2026-03-31T10:14:13.807Z [INFO] [WeiboDataSource] 微博热搜获取成功: 0 条
2026-03-31T10:14:13.807Z [INFO] [DataSourceManager] 获取到 0 条热点
2026-03-31T10:14:15.652Z [WARN] [ZhihuDataSource] 知乎热榜获取失败 (尝试 2/3): Request failed with status code 403
2026-03-31T10:14:19.779Z [WARN] [ZhihuDataSource] 知乎热榜获取失败 (尝试 3/3): Request failed with status code 403
2026-03-31T10:14:19.780Z [ERROR] [ZhihuDataSource] 知乎热榜获取最终失败 | Error: Request failed with status code 403
2026-03-31T10:14:19.780Z [INFO] [DataSourceManager] 获取到 0 条热点
2026-03-31T10:14:43.228Z [WARN] [DataSourceManager] 从 HackerNews 获取数据超时
2026-03-31T10:14:43.228Z [INFO] [MonitorService] 共获取 14 条热点
2026-03-31T10:14:43.232Z [INFO] [MonitorService] 过滤后需要保存 14 条热点
2026-03-31T10:14:43.306Z [INFO] [MonitorService] 数据获取完成: 保存 14 条，跳过 0 条
2026-03-31T10:14:46.755Z [INFO] [MonitorService] 热点监控服务启动...
2026-03-31T10:14:46.756Z [INFO] [DataSourceManager] 初始化数据源管理器...
2026-03-31T10:14:46.759Z [INFO] [DataSourceManager] 已加载 6 个数据源
2026-03-31T10:14:46.761Z [INFO] [MonitorService] 启动任务: 数据获取 (每5分钟)
2026-03-31T10:14:46.762Z [INFO] [MonitorService] 启动任务: 数据清理 (每天凌晨)
2026-03-31T10:14:46.762Z [INFO] [MonitorService] 启动任务: 健康检查 (每10分钟)
2026-03-31T10:14:46.762Z [INFO] [MonitorService] 热点监控服务启动成功
2026-03-31T10:14:46.762Z [INFO] [MonitorService] 开始获取数据...
2026-03-31T10:14:46.765Z [INFO] [MonitorService] 找到 1 个活跃关键词
2026-03-31T10:14:46.767Z [INFO] [DataSourceManager] 从 WebScraper 获取数据...
2026-03-31T10:14:46.773Z [INFO] [DataSourceManager] 从 RSS 获取数据...
2026-03-31T10:14:46.776Z [INFO] [DataSourceManager] 从 Search 获取数据...
2026-03-31T10:14:53.811Z [INFO] [DataSourceManager] 获取到 0 条热点
2026-03-31T10:14:54.589Z [INFO] [DataSourceManager] 获取到 14 条热点
2026-03-31T10:15:00.816Z [INFO] [MonitorService] 开始获取数据...
2026-03-31T10:15:00.817Z [WARN] [MonitorService] 上一次数据获取仍在进行中，跳过本次任务
2026-03-31T10:15:00.818Z [INFO] [MonitorService] 找到 1 个活跃关键词
2026-03-31T10:15:00.819Z [INFO] [DataSourceManager] 从 WebScraper 获取数据...
2026-03-31T10:15:00.821Z [INFO] [DataSourceManager] 从 RSS 获取数据...
2026-03-31T10:15:00.822Z [INFO] [DataSourceManager] 从 Search 获取数据...
2026-03-31T10:15:02.632Z [INFO] [DataSourceManager] 获取到 0 条热点
2026-03-31T10:15:04.449Z [INFO] [DataSourceManager] 获取到 14 条热点
2026-03-31T10:15:16.776Z [WARN] [DataSourceManager] 从 RSS 获取数据超时
2026-03-31T10:15:16.776Z [INFO] [DataSourceManager] 从 微博热搜 获取数据...
2026-03-31T10:15:16.778Z [INFO] [DataSourceManager] 从 知乎热榜 获取数据...
2026-03-31T10:15:16.779Z [INFO] [DataSourceManager] 从 Hacker News 获取数据...
2026-03-31T10:15:16.975Z [WARN] [ZhihuDataSource] 知乎热榜获取失败 (尝试 1/3): Request failed with status code 403
2026-03-31T10:15:17.246Z [INFO] [WeiboDataSource] 微博热搜获取成功: 0 条
2026-03-31T10:15:17.247Z [INFO] [DataSourceManager] 获取到 0 条热点
2026-03-31T10:15:19.105Z [WARN] [ZhihuDataSource] 知乎热榜获取失败 (尝试 2/3): Request failed with status code 403
2026-03-31T10:15:23.206Z [WARN] [ZhihuDataSource] 知乎热榜获取失败 (尝试 3/3): Request failed with status code 403
2026-03-31T10:15:23.206Z [ERROR] [ZhihuDataSource] 知乎热榜获取最终失败 | Error: Request failed with status code 403
2026-03-31T10:15:23.207Z [INFO] [DataSourceManager] 获取到 0 条热点
2026-03-31T10:15:23.707Z [INFO] [DataSourceManager] 获取到 0 条热点
2026-03-31T10:15:23.708Z [INFO] [DataSourceManager] 从 微博热搜 获取数据...
2026-03-31T10:15:23.709Z [INFO] [DataSourceManager] 从 知乎热榜 获取数据...
2026-03-31T10:15:23.710Z [INFO] [DataSourceManager] 从 Hacker News 获取数据...
2026-03-31T10:15:23.841Z [WARN] [ZhihuDataSource] 知乎热榜获取失败 (尝试 1/3): Request failed with status code 403
2026-03-31T10:15:24.276Z [INFO] [WeiboDataSource] 微博热搜获取成功: 0 条
2026-03-31T10:15:24.276Z [INFO] [DataSourceManager] 获取到 0 条热点
2026-03-31T10:15:25.969Z [WARN] [ZhihuDataSource] 知乎热榜获取失败 (尝试 2/3): Request failed with status code 403
2026-03-31T10:15:30.117Z [WARN] [ZhihuDataSource] 知乎热榜获取失败 (尝试 3/3): Request failed with status code 403
2026-03-31T10:15:30.117Z [ERROR] [ZhihuDataSource] 知乎热榜获取最终失败 | Error: Request failed with status code 403
2026-03-31T10:15:30.117Z [INFO] [DataSourceManager] 获取到 0 条热点
2026-03-31T10:15:46.787Z [WARN] [DataSourceManager] 从 HackerNews 获取数据超时
2026-03-31T10:15:46.787Z [INFO] [MonitorService] 共获取 14 条热点
2026-03-31T10:15:46.793Z [INFO] [MonitorService] 过滤后需要保存 0 条热点
2026-03-31T10:15:46.796Z [INFO] [MonitorService] 数据获取完成: 保存 0 条，跳过 14 条
2026-03-31T10:15:53.719Z [WARN] [DataSourceManager] 从 HackerNews 获取数据超时
2026-03-31T10:15:53.719Z [INFO] [MonitorService] 共获取 14 条热点
2026-03-31T10:15:53.721Z [INFO] [MonitorService] 过滤后需要保存 0 条热点
2026-03-31T10:15:53.722Z [INFO] [MonitorService] 数据获取完成: 保存 0 条，跳过 14 条
2026-03-31T10:18:01.115Z [INFO] [MonitorService] 热点监控服务启动...
2026-03-31T10:18:01.115Z [INFO] [DataSourceManager] 初始化数据源管理器...
2026-03-31T10:18:01.119Z [INFO] [DataSourceManager] 已加载 6 个数据源
2026-03-31T10:18:01.122Z [INFO] [MonitorService] 启动任务: 数据获取 (每5分钟)
2026-03-31T10:18:01.123Z [INFO] [MonitorService] 启动任务: 数据清理 (每天凌晨)
2026-03-31T10:18:01.123Z [INFO] [MonitorService] 启动任务: 健康检查 (每10分钟)
2026-03-31T10:18:01.123Z [INFO] [MonitorService] 热点监控服务启动成功
2026-03-31T10:18:01.124Z [INFO] [MonitorService] 开始获取数据...
2026-03-31T10:18:01.126Z [INFO] [MonitorService] 找到 0 个活跃关键词
2026-03-31T10:18:01.126Z [INFO] [MonitorService] 没有活跃关键词，使用默认关键词
2026-03-31T10:18:01.128Z [INFO] [DataSourceManager] 从 WebScraper 获取数据...
2026-03-31T10:18:01.137Z [INFO] [DataSourceManager] 从 RSS 获取数据...
2026-03-31T10:18:01.141Z [INFO] [DataSourceManager] 从 Search 获取数据...
2026-03-31T10:18:06.861Z [WARN] [MonitorService] 数据获取正在进行中，跳过本次请求
2026-03-31T10:18:06.930Z [WARN] [MonitorService] 数据获取正在进行中，跳过本次请求
2026-03-31T10:18:10.100Z [INFO] [DataSourceManager] 获取到 0 条热点
2026-03-31T10:18:13.625Z [WARN] [MonitorService] 数据获取正在进行中，跳过本次请求
2026-03-31T10:18:13.696Z [WARN] [MonitorService] 数据获取正在进行中，跳过本次请求
2026-03-31T10:18:20.573Z [WARN] [MonitorService] 数据获取正在进行中，跳过本次请求
2026-03-31T10:18:20.634Z [WARN] [MonitorService] 数据获取正在进行中，跳过本次请求
2026-03-31T10:18:23.153Z [INFO] [DataSourceManager] 获取到 35 条热点
2026-03-31T10:18:23.357Z [INFO] [DataSourceManager] 获取到 13 条热点
2026-03-31T10:18:23.358Z [INFO] [DataSourceManager] 从 微博热搜 获取数据...
2026-03-31T10:18:23.361Z [INFO] [DataSourceManager] 从 知乎热榜 获取数据...
2026-03-31T10:18:23.363Z [INFO] [DataSourceManager] 从 Hacker News 获取数据...
2026-03-31T10:18:23.566Z [WARN] [ZhihuDataSource] 知乎热榜获取失败 (尝试 1/3): Request failed with status code 403
2026-03-31T10:18:23.817Z [INFO] [WeiboDataSource] 微博热搜获取成功: 0 条
2026-03-31T10:18:23.817Z [INFO] [DataSourceManager] 获取到 0 条热点
2026-03-31T10:18:26.056Z [WARN] [ZhihuDataSource] 知乎热榜获取失败 (尝试 2/3): Request failed with status code 403
2026-03-31T10:18:30.303Z [WARN] [ZhihuDataSource] 知乎热榜获取失败 (尝试 3/3): Request failed with status code 403
2026-03-31T10:18:30.304Z [ERROR] [ZhihuDataSource] 知乎热榜获取最终失败 | Error: Request failed with status code 403
2026-03-31T10:18:30.304Z [INFO] [DataSourceManager] 获取到 0 条热点
2026-03-31T10:18:53.365Z [WARN] [DataSourceManager] 从 HackerNews 获取数据超时
2026-03-31T10:18:53.366Z [INFO] [MonitorService] 共获取 48 条热点
2026-03-31T10:18:53.369Z [INFO] [MonitorService] 过滤后需要保存 47 条热点
2026-03-31T10:18:53.489Z [INFO] [MonitorService] 数据获取完成: 保存 47 条，跳过 1 条
2026-03-31T10:20:00.078Z [INFO] [MonitorService] 开始获取数据...
2026-03-31T10:20:00.079Z [INFO] [MonitorService] 开始获取数据...
2026-03-31T10:20:00.081Z [INFO] [MonitorService] 找到 3 个活跃关键词
2026-03-31T10:20:00.082Z [INFO] [MonitorService] 找到 3 个活跃关键词
2026-03-31T10:20:00.084Z [INFO] [DataSourceManager] 从 WebScraper 获取数据...
2026-03-31T10:20:00.092Z [INFO] [DataSourceManager] 从 WebScraper 获取数据...
2026-03-31T10:20:00.087Z [INFO] [DataSourceManager] 从 RSS 获取数据...
2026-03-31T10:20:00.089Z [INFO] [DataSourceManager] 从 Search 获取数据...
2026-03-31T10:20:00.094Z [INFO] [DataSourceManager] 从 RSS 获取数据...
2026-03-31T10:20:00.096Z [INFO] [DataSourceManager] 从 Search 获取数据...
2026-03-31T10:20:00.098Z [INFO] [MonitorService] 系统健康检查: 61 条热点, 3 个活跃关键词
2026-03-31T10:20:00.099Z [INFO] [MonitorService] 系统健康检查: 61 条热点, 3 个活跃关键词
2026-03-31T10:20:00.935Z [INFO] [MonitorService] 开始获取数据...
2026-03-31T10:20:00.937Z [INFO] [MonitorService] 找到 3 个活跃关键词
2026-03-31T10:20:00.939Z [INFO] [DataSourceManager] 从 WebScraper 获取数据...
2026-03-31T10:20:00.940Z [INFO] [DataSourceManager] 从 RSS 获取数据...
2026-03-31T10:20:00.941Z [INFO] [DataSourceManager] 从 Search 获取数据...
2026-03-31T10:20:00.944Z [INFO] [MonitorService] 系统健康检查: 61 条热点, 3 个活跃关键词
2026-03-31T10:20:01.900Z [INFO] [DataSourceManager] 获取到 0 条热点
2026-03-31T10:20:01.975Z [INFO] [DataSourceManager] 获取到 0 条热点
2026-03-31T10:20:02.000Z [INFO] [DataSourceManager] 获取到 0 条热点
2026-03-31T10:20:07.301Z [INFO] [DataSourceManager] 获取到 18 条热点
2026-03-31T10:20:08.573Z [INFO] [DataSourceManager] 获取到 18 条热点
2026-03-31T10:20:09.107Z [INFO] [DataSourceManager] 获取到 18 条热点
2026-03-31T10:20:28.527Z [INFO] [DataSourceManager] 获取到 34 条热点
2026-03-31T10:20:28.528Z [INFO] [DataSourceManager] 从 微博热搜 获取数据...
2026-03-31T10:20:28.531Z [INFO] [DataSourceManager] 从 知乎热榜 获取数据...
2026-03-31T10:20:28.532Z [INFO] [DataSourceManager] 从 Hacker News 获取数据...
2026-03-31T10:20:28.719Z [WARN] [ZhihuDataSource] 知乎热榜获取失败 (尝试 1/3): Request failed with status code 403
2026-03-31T10:20:29.017Z [INFO] [WeiboDataSource] 微博热搜获取成功: 0 条
2026-03-31T10:20:29.018Z [INFO] [DataSourceManager] 获取到 0 条热点
2026-03-31T10:20:29.897Z [INFO] [DataSourceManager] 获取到 34 条热点
2026-03-31T10:20:29.897Z [INFO] [DataSourceManager] 从 微博热搜 获取数据...
2026-03-31T10:20:29.900Z [INFO] [DataSourceManager] 从 知乎热榜 获取数据...
2026-03-31T10:20:29.900Z [INFO] [DataSourceManager] 从 Hacker News 获取数据...
2026-03-31T10:20:30.004Z [WARN] [ZhihuDataSource] 知乎热榜获取失败 (尝试 1/3): Request failed with status code 403
2026-03-31T10:20:30.111Z [WARN] [DataSourceManager] 从 RSS 获取数据超时
2026-03-31T10:20:30.111Z [INFO] [DataSourceManager] 从 微博热搜 获取数据...
2026-03-31T10:20:30.114Z [INFO] [DataSourceManager] 从 知乎热榜 获取数据...
2026-03-31T10:20:30.115Z [INFO] [DataSourceManager] 从 Hacker News 获取数据...
2026-03-31T10:20:30.248Z [INFO] [WeiboDataSource] 微博热搜获取成功: 0 条
2026-03-31T10:20:30.248Z [INFO] [DataSourceManager] 获取到 0 条热点
2026-03-31T10:20:30.315Z [WARN] [ZhihuDataSource] 知乎热榜获取失败 (尝试 1/3): Request failed with status code 403
2026-03-31T10:20:30.469Z [INFO] [WeiboDataSource] 微博热搜获取成功: 0 条
2026-03-31T10:20:30.469Z [INFO] [DataSourceManager] 获取到 0 条热点
2026-03-31T10:20:30.818Z [WARN] [ZhihuDataSource] 知乎热榜获取失败 (尝试 2/3): Request failed with status code 403
2026-03-31T10:20:32.191Z [WARN] [ZhihuDataSource] 知乎热榜获取失败 (尝试 2/3): Request failed with status code 403
2026-03-31T10:20:32.414Z [WARN] [ZhihuDataSource] 知乎热榜获取失败 (尝试 2/3): Request failed with status code 403
2026-03-31T10:20:34.931Z [WARN] [ZhihuDataSource] 知乎热榜获取失败 (尝试 3/3): Request failed with status code 403
2026-03-31T10:20:34.931Z [ERROR] [ZhihuDataSource] 知乎热榜获取最终失败 | Error: Request failed with status code 403
2026-03-31T10:20:34.931Z [INFO] [DataSourceManager] 获取到 0 条热点
2026-03-31T10:20:36.297Z [WARN] [ZhihuDataSource] 知乎热榜获取失败 (尝试 3/3): Request failed with status code 403
2026-03-31T10:20:36.297Z [ERROR] [ZhihuDataSource] 知乎热榜获取最终失败 | Error: Request failed with status code 403
2026-03-31T10:20:36.297Z [INFO] [DataSourceManager] 获取到 0 条热点
2026-03-31T10:20:36.531Z [WARN] [ZhihuDataSource] 知乎热榜获取失败 (尝试 3/3): Request failed with status code 403
2026-03-31T10:20:36.532Z [ERROR] [ZhihuDataSource] 知乎热榜获取最终失败 | Error: Request failed with status code 403
2026-03-31T10:20:36.532Z [INFO] [DataSourceManager] 获取到 0 条热点
2026-03-31T10:20:58.538Z [WARN] [DataSourceManager] 从 HackerNews 获取数据超时
2026-03-31T10:20:58.538Z [INFO] [MonitorService] 共获取 52 条热点
2026-03-31T10:20:58.542Z [INFO] [MonitorService] 过滤后需要保存 5 条热点
2026-03-31T10:20:58.607Z [INFO] [MonitorService] 数据获取完成: 保存 5 条，跳过 47 条
2026-03-31T10:20:59.907Z [WARN] [DataSourceManager] 从 HackerNews 获取数据超时
2026-03-31T10:20:59.907Z [INFO] [MonitorService] 共获取 52 条热点
2026-03-31T10:20:59.910Z [INFO] [MonitorService] 过滤后需要保存 0 条热点
2026-03-31T10:20:59.910Z [INFO] [MonitorService] 数据获取完成: 保存 0 条，跳过 52 条
2026-03-31T10:21:00.129Z [WARN] [DataSourceManager] 从 HackerNews 获取数据超时
2026-03-31T10:21:00.130Z [INFO] [MonitorService] 共获取 18 条热点
2026-03-31T10:21:00.132Z [INFO] [MonitorService] 过滤后需要保存 0 条热点
2026-03-31T10:21:00.133Z [INFO] [MonitorService] 数据获取完成: 保存 0 条，跳过 18 条
2026-03-31T10:25:00.335Z [INFO] [MonitorService] 开始获取数据...
2026-03-31T10:25:00.338Z [INFO] [MonitorService] 开始获取数据...
2026-03-31T10:25:00.339Z [INFO] [MonitorService] 开始获取数据...
2026-03-31T10:25:00.340Z [INFO] [MonitorService] 找到 3 个活跃关键词
2026-03-31T10:25:00.341Z [INFO] [MonitorService] 找到 3 个活跃关键词
2026-03-31T10:25:00.342Z [INFO] [MonitorService] 找到 3 个活跃关键词
2026-03-31T10:25:00.342Z [INFO] [DataSourceManager] 从 WebScraper 获取数据...
2026-03-31T10:25:00.346Z [INFO] [DataSourceManager] 从 RSS 获取数据...
2026-03-31T10:25:00.347Z [INFO] [DataSourceManager] 从 Search 获取数据...
2026-03-31T10:25:00.349Z [INFO] [DataSourceManager] 从 WebScraper 获取数据...
2026-03-31T10:25:00.354Z [INFO] [DataSourceManager] 从 WebScraper 获取数据...
2026-03-31T10:25:00.351Z [INFO] [DataSourceManager] 从 RSS 获取数据...
2026-03-31T10:25:00.356Z [INFO] [DataSourceManager] 从 RSS 获取数据...
2026-03-31T10:25:00.353Z [INFO] [DataSourceManager] 从 Search 获取数据...
2026-03-31T10:25:00.357Z [INFO] [DataSourceManager] 从 Search 获取数据...
2026-03-31T10:25:02.563Z [INFO] [DataSourceManager] 获取到 0 条热点
2026-03-31T10:25:02.564Z [INFO] [DataSourceManager] 获取到 0 条热点
2026-03-31T10:25:02.568Z [INFO] [DataSourceManager] 获取到 0 条热点
2026-03-31T10:25:07.414Z [INFO] [DataSourceManager] 获取到 16 条热点
2026-03-31T10:25:07.940Z [INFO] [DataSourceManager] 获取到 16 条热点
2026-03-31T10:25:08.273Z [INFO] [DataSourceManager] 获取到 16 条热点
2026-03-31T10:25:22.532Z [INFO] [DataSourceManager] 获取到 34 条热点
2026-03-31T10:25:22.533Z [INFO] [DataSourceManager] 从 微博热搜 获取数据...
2026-03-31T10:25:22.535Z [INFO] [DataSourceManager] 从 知乎热榜 获取数据...
2026-03-31T10:25:22.537Z [INFO] [DataSourceManager] 从 Hacker News 获取数据...
2026-03-31T10:25:22.753Z [WARN] [ZhihuDataSource] 知乎热榜获取失败 (尝试 1/3): Request failed with status code 403
2026-03-31T10:25:23.108Z [INFO] [WeiboDataSource] 微博热搜获取成功: 0 条
2026-03-31T10:25:23.108Z [INFO] [DataSourceManager] 获取到 0 条热点
2026-03-31T10:25:23.259Z [INFO] [DataSourceManager] 获取到 34 条热点
2026-03-31T10:25:23.260Z [INFO] [DataSourceManager] 从 微博热搜 获取数据...
2026-03-31T10:25:23.261Z [INFO] [DataSourceManager] 从 知乎热榜 获取数据...
2026-03-31T10:25:23.262Z [INFO] [DataSourceManager] 从 Hacker News 获取数据...
2026-03-31T10:25:23.369Z [WARN] [ZhihuDataSource] 知乎热榜获取失败 (尝试 1/3): Request failed with status code 403
2026-03-31T10:25:23.605Z [INFO] [WeiboDataSource] 微博热搜获取成功: 0 条
2026-03-31T10:25:23.606Z [INFO] [DataSourceManager] 获取到 0 条热点
2026-03-31T10:25:24.865Z [WARN] [ZhihuDataSource] 知乎热榜获取失败 (尝试 2/3): Request failed with status code 403
2026-03-31T10:25:25.242Z [INFO] [DataSourceManager] 获取到 34 条热点
2026-03-31T10:25:25.242Z [INFO] [DataSourceManager] 从 微博热搜 获取数据...
2026-03-31T10:25:25.244Z [INFO] [DataSourceManager] 从 知乎热榜 获取数据...
2026-03-31T10:25:25.244Z [INFO] [DataSourceManager] 从 Hacker News 获取数据...
2026-03-31T10:25:25.345Z [WARN] [ZhihuDataSource] 知乎热榜获取失败 (尝试 1/3): Request failed with status code 403
2026-03-31T10:25:25.461Z [WARN] [ZhihuDataSource] 知乎热榜获取失败 (尝试 2/3): Request failed with status code 403
2026-03-31T10:25:25.576Z [INFO] [WeiboDataSource] 微博热搜获取成功: 0 条
2026-03-31T10:25:25.576Z [INFO] [DataSourceManager] 获取到 0 条热点
2026-03-31T10:25:27.603Z [WARN] [ZhihuDataSource] 知乎热榜获取失败 (尝试 2/3): Request failed with status code 403
2026-03-31T10:25:27.939Z [INFO] [DataSourceManager] 获取到 4 条热点
2026-03-31T10:25:28.966Z [WARN] [ZhihuDataSource] 知乎热榜获取失败 (尝试 3/3): Request failed with status code 403
2026-03-31T10:25:28.966Z [ERROR] [ZhihuDataSource] 知乎热榜获取最终失败 | Error: Request failed with status code 403
2026-03-31T10:25:28.967Z [INFO] [DataSourceManager] 获取到 0 条热点
2026-03-31T10:25:29.594Z [WARN] [ZhihuDataSource] 知乎热榜获取失败 (尝试 3/3): Request failed with status code 403
2026-03-31T10:25:29.594Z [ERROR] [ZhihuDataSource] 知乎热榜获取最终失败 | Error: Request failed with status code 403
2026-03-31T10:25:29.594Z [INFO] [DataSourceManager] 获取到 0 条热点
2026-03-31T10:25:30.404Z [INFO] [DataSourceManager] 获取到 4 条热点
2026-03-31T10:25:30.405Z [INFO] [MonitorService] 共获取 54 条热点
2026-03-31T10:25:30.409Z [INFO] [MonitorService] 过滤后需要保存 2 条热点
2026-03-31T10:25:30.484Z [INFO] [MonitorService] 数据获取完成: 保存 2 条，跳过 52 条
2026-03-31T10:25:31.696Z [WARN] [ZhihuDataSource] 知乎热榜获取失败 (尝试 3/3): Request failed with status code 403
2026-03-31T10:25:31.696Z [ERROR] [ZhihuDataSource] 知乎热榜获取最终失败 | Error: Request failed with status code 403
2026-03-31T10:25:31.697Z [INFO] [DataSourceManager] 获取到 0 条热点
2026-03-31T10:25:31.697Z [INFO] [MonitorService] 共获取 54 条热点
2026-03-31T10:25:31.703Z [INFO] [MonitorService] 过滤后需要保存 0 条热点
2026-03-31T10:25:31.704Z [INFO] [MonitorService] 数据获取完成: 保存 0 条，跳过 54 条
2026-03-31T10:25:33.599Z [INFO] [DataSourceManager] 获取到 4 条热点
2026-03-31T10:25:33.599Z [INFO] [MonitorService] 共获取 54 条热点
2026-03-31T10:25:33.603Z [INFO] [MonitorService] 过滤后需要保存 0 条热点
2026-03-31T10:25:33.604Z [INFO] [MonitorService] 数据获取完成: 保存 0 条，跳过 54 条
2026-03-31T10:30:00.017Z [INFO] [MonitorService] 开始获取数据...
2026-03-31T10:30:00.019Z [INFO] [MonitorService] 开始获取数据...
2026-03-31T10:30:00.021Z [INFO] [MonitorService] 开始获取数据...
2026-03-31T10:30:00.022Z [INFO] [MonitorService] 找到 3 个活跃关键词
2026-03-31T10:30:00.023Z [INFO] [MonitorService] 找到 3 个活跃关键词
2026-03-31T10:30:00.025Z [INFO] [DataSourceManager] 从 WebScraper 获取数据...
2026-03-31T10:30:00.028Z [INFO] [DataSourceManager] 从 RSS 获取数据...
2026-03-31T10:30:00.029Z [INFO] [DataSourceManager] 从 Search 获取数据...
2026-03-31T10:30:00.033Z [INFO] [DataSourceManager] 从 WebScraper 获取数据...
2026-03-31T10:30:00.035Z [INFO] [DataSourceManager] 从 RSS 获取数据...
2026-03-31T10:30:00.037Z [INFO] [DataSourceManager] 从 Search 获取数据...
2026-03-31T10:30:00.038Z [INFO] [MonitorService] 系统健康检查: 68 条热点, 3 个活跃关键词
2026-03-31T10:30:00.039Z [INFO] [MonitorService] 系统健康检查: 68 条热点, 3 个活跃关键词
2026-03-31T10:30:00.039Z [INFO] [MonitorService] 系统健康检查: 68 条热点, 3 个活跃关键词
2026-03-31T10:30:00.039Z [INFO] [MonitorService] 找到 3 个活跃关键词
2026-03-31T10:30:00.041Z [INFO] [DataSourceManager] 从 WebScraper 获取数据...
2026-03-31T10:30:00.042Z [INFO] [DataSourceManager] 从 RSS 获取数据...
2026-03-31T10:30:00.043Z [INFO] [DataSourceManager] 从 Search 获取数据...
2026-03-31T10:30:01.924Z [INFO] [DataSourceManager] 获取到 0 条热点
2026-03-31T10:30:02.084Z [INFO] [DataSourceManager] 获取到 0 条热点
2026-03-31T10:30:02.231Z [INFO] [DataSourceManager] 获取到 0 条热点
2026-03-31T10:30:07.554Z [INFO] [DataSourceManager] 获取到 16 条热点
2026-03-31T10:30:07.912Z [INFO] [DataSourceManager] 获取到 16 条热点
2026-03-31T10:30:10.332Z [INFO] [DataSourceManager] 获取到 16 条热点
2026-03-31T10:30:23.560Z [INFO] [DataSourceManager] 获取到 34 条热点
2026-03-31T10:30:23.560Z [INFO] [DataSourceManager] 从 微博热搜 获取数据...
2026-03-31T10:30:23.562Z [INFO] [DataSourceManager] 从 知乎热榜 获取数据...
2026-03-31T10:30:23.564Z [INFO] [DataSourceManager] 从 Hacker News 获取数据...
2026-03-31T10:30:23.751Z [WARN] [ZhihuDataSource] 知乎热榜获取失败 (尝试 1/3): Request failed with status code 403
2026-03-31T10:30:24.027Z [INFO] [WeiboDataSource] 微博热搜获取成功: 0 条
2026-03-31T10:30:24.027Z [INFO] [DataSourceManager] 获取到 0 条热点
2026-03-31T10:30:25.400Z [INFO] [DataSourceManager] 获取到 34 条热点
2026-03-31T10:30:25.401Z [INFO] [DataSourceManager] 从 微博热搜 获取数据...
2026-03-31T10:30:25.403Z [INFO] [DataSourceManager] 从 知乎热榜 获取数据...
2026-03-31T10:30:25.403Z [INFO] [DataSourceManager] 从 Hacker News 获取数据...
2026-03-31T10:30:25.562Z [WARN] [ZhihuDataSource] 知乎热榜获取失败 (尝试 1/3): Request failed with status code 403
2026-03-31T10:30:25.770Z [INFO] [WeiboDataSource] 微博热搜获取成功: 0 条
2026-03-31T10:30:25.771Z [INFO] [DataSourceManager] 获取到 0 条热点
2026-03-31T10:30:25.848Z [WARN] [ZhihuDataSource] 知乎热榜获取失败 (尝试 2/3): Request failed with status code 403
2026-03-31T10:30:27.652Z [WARN] [ZhihuDataSource] 知乎热榜获取失败 (尝试 2/3): Request failed with status code 403
2026-03-31T10:30:28.871Z [INFO] [DataSourceManager] 获取到 5 条热点
2026-03-31T10:30:29.968Z [WARN] [ZhihuDataSource] 知乎热榜获取失败 (尝试 3/3): Request failed with status code 403
2026-03-31T10:30:29.969Z [ERROR] [ZhihuDataSource] 知乎热榜获取最终失败 | Error: Request failed with status code 403
2026-03-31T10:30:29.969Z [INFO] [DataSourceManager] 获取到 0 条热点
2026-03-31T10:30:29.970Z [INFO] [MonitorService] 共获取 55 条热点
2026-03-31T10:30:29.973Z [INFO] [MonitorService] 过滤后需要保存 1 条热点
2026-03-31T10:30:30.033Z [WARN] [DataSourceManager] 从 RSS 获取数据超时
2026-03-31T10:30:30.037Z [INFO] [MonitorService] 数据获取完成: 保存 1 条，跳过 54 条
2026-03-31T10:30:30.033Z [INFO] [DataSourceManager] 从 微博热搜 获取数据...
2026-03-31T10:30:30.035Z [INFO] [DataSourceManager] 从 知乎热榜 获取数据...
2026-03-31T10:30:30.036Z [INFO] [DataSourceManager] 从 Hacker News 获取数据...
2026-03-31T10:30:30.139Z [WARN] [ZhihuDataSource] 知乎热榜获取失败 (尝试 1/3): Request failed with status code 403
2026-03-31T10:30:30.314Z [INFO] [WeiboDataSource] 微博热搜获取成功: 0 条
2026-03-31T10:30:30.314Z [INFO] [DataSourceManager] 获取到 0 条热点
2026-03-31T10:30:30.568Z [INFO] [DataSourceManager] 获取到 5 条热点
2026-03-31T10:30:31.765Z [WARN] [ZhihuDataSource] 知乎热榜获取失败 (尝试 3/3): Request failed with status code 403
2026-03-31T10:30:31.765Z [ERROR] [ZhihuDataSource] 知乎热榜获取最终失败 | Error: Request failed with status code 403
2026-03-31T10:30:31.766Z [INFO] [DataSourceManager] 获取到 0 条热点
2026-03-31T10:30:31.766Z [INFO] [MonitorService] 共获取 55 条热点
2026-03-31T10:30:31.769Z [INFO] [MonitorService] 过滤后需要保存 0 条热点
2026-03-31T10:30:31.769Z [INFO] [MonitorService] 数据获取完成: 保存 0 条，跳过 55 条
2026-03-31T10:30:32.246Z [WARN] [ZhihuDataSource] 知乎热榜获取失败 (尝试 2/3): Request failed with status code 403
2026-03-31T10:30:32.641Z [INFO] [DataSourceManager] 获取到 5 条热点
2026-03-31T10:30:36.699Z [WARN] [ZhihuDataSource] 知乎热榜获取失败 (尝试 3/3): Request failed with status code 403
2026-03-31T10:30:36.700Z [ERROR] [ZhihuDataSource] 知乎热榜获取最终失败 | Error: Request failed with status code 403
2026-03-31T10:30:36.700Z [INFO] [DataSourceManager] 获取到 0 条热点
2026-03-31T10:30:36.702Z [INFO] [MonitorService] 共获取 21 条热点
2026-03-31T10:30:36.718Z [INFO] [MonitorService] 过滤后需要保存 0 条热点
2026-03-31T10:30:36.731Z [INFO] [MonitorService] 数据获取完成: 保存 0 条，跳过 21 条
2026-03-31T10:35:00.114Z [INFO] [MonitorService] 开始获取数据...
2026-03-31T10:35:00.116Z [INFO] [MonitorService] 开始获取数据...
2026-03-31T10:35:00.118Z [INFO] [MonitorService] 开始获取数据...
2026-03-31T10:35:00.119Z [INFO] [MonitorService] 找到 3 个活跃关键词
2026-03-31T10:35:00.120Z [INFO] [MonitorService] 找到 3 个活跃关键词
2026-03-31T10:35:00.121Z [INFO] [MonitorService] 找到 3 个活跃关键词
2026-03-31T10:35:00.122Z [INFO] [DataSourceManager] 从 WebScraper 获取数据...
2026-03-31T10:35:00.126Z [INFO] [DataSourceManager] 从 RSS 获取数据...
2026-03-31T10:35:00.129Z [INFO] [DataSourceManager] 从 Search 获取数据...
2026-03-31T10:35:00.132Z [INFO] [DataSourceManager] 从 WebScraper 获取数据...
2026-03-31T10:35:00.137Z [INFO] [DataSourceManager] 从 WebScraper 获取数据...
2026-03-31T10:35:00.133Z [INFO] [DataSourceManager] 从 RSS 获取数据...
2026-03-31T10:35:00.139Z [INFO] [DataSourceManager] 从 RSS 获取数据...
2026-03-31T10:35:00.135Z [INFO] [DataSourceManager] 从 Search 获取数据...
2026-03-31T10:35:00.141Z [INFO] [DataSourceManager] 从 Search 获取数据...
2026-03-31T10:35:01.945Z [INFO] [DataSourceManager] 获取到 0 条热点
2026-03-31T10:35:02.001Z [INFO] [DataSourceManager] 获取到 0 条热点
2026-03-31T10:35:02.023Z [INFO] [DataSourceManager] 获取到 0 条热点
2026-03-31T10:35:07.567Z [INFO] [DataSourceManager] 获取到 16 条热点
2026-03-31T10:35:08.133Z [INFO] [DataSourceManager] 获取到 16 条热点
2026-03-31T10:35:08.336Z [INFO] [DataSourceManager] 获取到 16 条热点
2026-03-31T10:35:25.333Z [INFO] [DataSourceManager] 获取到 35 条热点
2026-03-31T10:35:25.334Z [INFO] [DataSourceManager] 从 微博热搜 获取数据...
2026-03-31T10:35:25.336Z [INFO] [DataSourceManager] 从 知乎热榜 获取数据...
2026-03-31T10:35:25.339Z [INFO] [DataSourceManager] 从 Hacker News 获取数据...
2026-03-31T10:35:25.561Z [WARN] [ZhihuDataSource] 知乎热榜获取失败 (尝试 1/3): Request failed with status code 403
2026-03-31T10:35:25.818Z [INFO] [WeiboDataSource] 微博热搜获取成功: 0 条
2026-03-31T10:35:25.818Z [INFO] [DataSourceManager] 获取到 0 条热点
2026-03-31T10:35:27.693Z [WARN] [ZhihuDataSource] 知乎热榜获取失败 (尝试 2/3): Request failed with status code 403
2026-03-31T10:35:29.999Z [INFO] [DataSourceManager] 获取到 5 条热点
2026-03-31T10:35:30.146Z [WARN] [DataSourceManager] 从 RSS 获取数据超时
2026-03-31T10:35:30.153Z [WARN] [DataSourceManager] 从 RSS 获取数据超时
2026-03-31T10:35:30.147Z [INFO] [DataSourceManager] 从 微博热搜 获取数据...
2026-03-31T10:35:30.150Z [INFO] [DataSourceManager] 从 知乎热榜 获取数据...
2026-03-31T10:35:30.151Z [INFO] [DataSourceManager] 从 Hacker News 获取数据...
2026-03-31T10:35:30.153Z [INFO] [DataSourceManager] 从 微博热搜 获取数据...
2026-03-31T10:35:30.155Z [INFO] [DataSourceManager] 从 知乎热榜 获取数据...
2026-03-31T10:35:30.156Z [INFO] [DataSourceManager] 从 Hacker News 获取数据...
2026-03-31T10:35:30.322Z [WARN] [ZhihuDataSource] 知乎热榜获取失败 (尝试 1/3): Request failed with status code 403
2026-03-31T10:35:30.459Z [WARN] [ZhihuDataSource] 知乎热榜获取失败 (尝试 1/3): Request failed with status code 403
2026-03-31T10:35:30.563Z [INFO] [WeiboDataSource] 微博热搜获取成功: 0 条
2026-03-31T10:35:30.563Z [INFO] [DataSourceManager] 获取到 0 条热点
2026-03-31T10:35:30.778Z [INFO] [WeiboDataSource] 微博热搜获取成功: 0 条
2026-03-31T10:35:30.778Z [INFO] [DataSourceManager] 获取到 0 条热点
2026-03-31T10:35:31.876Z [WARN] [ZhihuDataSource] 知乎热榜获取失败 (尝试 3/3): Request failed with status code 403
2026-03-31T10:35:31.876Z [ERROR] [ZhihuDataSource] 知乎热榜获取最终失败 | Error: Request failed with status code 403
2026-03-31T10:35:31.877Z [INFO] [DataSourceManager] 获取到 0 条热点
2026-03-31T10:35:31.877Z [INFO] [MonitorService] 共获取 56 条热点
2026-03-31T10:35:31.882Z [INFO] [MonitorService] 过滤后需要保存 1 条热点
2026-03-31T10:35:31.948Z [INFO] [MonitorService] 数据获取完成: 保存 1 条，跳过 55 条
2026-03-31T10:35:32.436Z [WARN] [ZhihuDataSource] 知乎热榜获取失败 (尝试 2/3): Request failed with status code 403
2026-03-31T10:35:32.547Z [WARN] [ZhihuDataSource] 知乎热榜获取失败 (尝试 2/3): Request failed with status code 403
2026-03-31T10:35:36.564Z [WARN] [ZhihuDataSource] 知乎热榜获取失败 (尝试 3/3): Request failed with status code 403
2026-03-31T10:35:36.564Z [ERROR] [ZhihuDataSource] 知乎热榜获取最终失败 | Error: Request failed with status code 403
2026-03-31T10:35:36.564Z [INFO] [DataSourceManager] 获取到 0 条热点
2026-03-31T10:35:36.767Z [WARN] [ZhihuDataSource] 知乎热榜获取失败 (尝试 3/3): Request failed with status code 403
2026-03-31T10:35:36.767Z [ERROR] [ZhihuDataSource] 知乎热榜获取最终失败 | Error: Request failed with status code 403
2026-03-31T10:35:36.768Z [INFO] [DataSourceManager] 获取到 0 条热点
2026-03-31T10:36:00.164Z [WARN] [DataSourceManager] 从 HackerNews 获取数据超时
2026-03-31T10:36:00.165Z [WARN] [DataSourceManager] 从 HackerNews 获取数据超时
2026-03-31T10:36:00.164Z [INFO] [MonitorService] 共获取 16 条热点
2026-03-31T10:36:00.166Z [INFO] [MonitorService] 共获取 16 条热点
2026-03-31T10:36:00.169Z [INFO] [MonitorService] 过滤后需要保存 0 条热点
2026-03-31T10:36:00.170Z [INFO] [MonitorService] 数据获取完成: 保存 0 条，跳过 16 条
2026-03-31T10:36:00.184Z [INFO] [MonitorService] 过滤后需要保存 0 条热点
2026-03-31T10:36:00.185Z [INFO] [MonitorService] 数据获取完成: 保存 0 条，跳过 16 条
2026-03-31T10:40:00.224Z [INFO] [MonitorService] 开始获取数据...
2026-03-31T10:40:00.228Z [INFO] [MonitorService] 找到 3 个活跃关键词
2026-03-31T10:40:00.230Z [INFO] [DataSourceManager] 从 WebScraper 获取数据...
2026-03-31T10:40:00.234Z [INFO] [DataSourceManager] 从 RSS 获取数据...
2026-03-31T10:40:00.236Z [INFO] [DataSourceManager] 从 Search 获取数据...
2026-03-31T10:40:00.240Z [INFO] [MonitorService] 系统健康检查: 70 条热点, 3 个活跃关键词
2026-03-31T10:40:00.290Z [INFO] [MonitorService] 开始获取数据...
2026-03-31T10:40:00.290Z [INFO] [MonitorService] 开始获取数据...
2026-03-31T10:40:00.292Z [INFO] [MonitorService] 找到 3 个活跃关键词
2026-03-31T10:40:00.293Z [INFO] [MonitorService] 找到 3 个活跃关键词
2026-03-31T10:40:00.295Z [INFO] [DataSourceManager] 从 WebScraper 获取数据...
2026-03-31T10:40:00.300Z [INFO] [DataSourceManager] 从 WebScraper 获取数据...
2026-03-31T10:40:00.297Z [INFO] [DataSourceManager] 从 RSS 获取数据...
2026-03-31T10:40:00.299Z [INFO] [DataSourceManager] 从 Search 获取数据...
2026-03-31T10:40:00.303Z [INFO] [DataSourceManager] 从 RSS 获取数据...
2026-03-31T10:40:00.304Z [INFO] [DataSourceManager] 从 Search 获取数据...
2026-03-31T10:40:00.308Z [INFO] [MonitorService] 系统健康检查: 70 条热点, 3 个活跃关键词
2026-03-31T10:40:00.698Z [INFO] [MonitorService] 系统健康检查: 70 条热点, 3 个活跃关键词
2026-03-31T10:40:02.053Z [INFO] [DataSourceManager] 获取到 0 条热点
2026-03-31T10:40:02.075Z [INFO] [DataSourceManager] 获取到 0 条热点
2026-03-31T10:40:02.081Z [INFO] [DataSourceManager] 获取到 0 条热点
2026-03-31T10:40:07.569Z [INFO] [DataSourceManager] 获取到 16 条热点
2026-03-31T10:40:08.878Z [INFO] [DataSourceManager] 获取到 16 条热点
2026-03-31T10:40:08.890Z [INFO] [DataSourceManager] 获取到 16 条热点
2026-03-31T10:40:24.665Z [INFO] [DataSourceManager] 获取到 36 条热点
2026-03-31T10:40:24.665Z [INFO] [DataSourceManager] 从 微博热搜 获取数据...
2026-03-31T10:40:24.666Z [INFO] [DataSourceManager] 从 知乎热榜 获取数据...
2026-03-31T10:40:24.668Z [INFO] [DataSourceManager] 从 Hacker News 获取数据...
2026-03-31T10:40:26.561Z [WARN] [ZhihuDataSource] 知乎热榜获取失败 (尝试 1/3): Request failed with status code 403
2026-03-31T10:40:27.630Z [INFO] [WeiboDataSource] 微博热搜获取成功: 0 条
2026-03-31T10:40:27.630Z [INFO] [DataSourceManager] 获取到 0 条热点
2026-03-31T10:40:28.773Z [WARN] [ZhihuDataSource] 知乎热榜获取失败 (尝试 2/3): Request failed with status code 403
2026-03-31T10:40:30.305Z [WARN] [DataSourceManager] 从 RSS 获取数据超时
2026-03-31T10:40:30.312Z [WARN] [DataSourceManager] 从 RSS 获取数据超时
2026-03-31T10:40:30.306Z [INFO] [DataSourceManager] 从 微博热搜 获取数据...
2026-03-31T10:40:30.309Z [INFO] [DataSourceManager] 从 知乎热榜 获取数据...
2026-03-31T10:40:30.310Z [INFO] [DataSourceManager] 从 Hacker News 获取数据...
2026-03-31T10:40:30.313Z [INFO] [DataSourceManager] 从 微博热搜 获取数据...
2026-03-31T10:40:30.314Z [INFO] [DataSourceManager] 从 知乎热榜 获取数据...
2026-03-31T10:40:30.317Z [INFO] [DataSourceManager] 从 Hacker News 获取数据...
2026-03-31T10:40:30.415Z [WARN] [ZhihuDataSource] 知乎热榜获取失败 (尝试 1/3): Request failed with status code 403
2026-03-31T10:40:30.505Z [WARN] [ZhihuDataSource] 知乎热榜获取失败 (尝试 1/3): Request failed with status code 403
2026-03-31T10:40:30.669Z [INFO] [WeiboDataSource] 微博热搜获取成功: 0 条
2026-03-31T10:40:30.669Z [INFO] [DataSourceManager] 获取到 0 条热点
2026-03-31T10:40:30.821Z [INFO] [WeiboDataSource] 微博热搜获取成功: 0 条
2026-03-31T10:40:30.822Z [INFO] [DataSourceManager] 获取到 0 条热点
2026-03-31T10:40:32.524Z [WARN] [ZhihuDataSource] 知乎热榜获取失败 (尝试 2/3): Request failed with status code 403
2026-03-31T10:40:32.622Z [WARN] [ZhihuDataSource] 知乎热榜获取失败 (尝试 2/3): Request failed with status code 403
2026-03-31T10:40:32.881Z [WARN] [ZhihuDataSource] 知乎热榜获取失败 (尝试 3/3): Request failed with status code 403
2026-03-31T10:40:32.882Z [ERROR] [ZhihuDataSource] 知乎热榜获取最终失败 | Error: Request failed with status code 403
2026-03-31T10:40:32.882Z [INFO] [DataSourceManager] 获取到 0 条热点
2026-03-31T10:40:36.718Z [WARN] [ZhihuDataSource] 知乎热榜获取失败 (尝试 3/3): Request failed with status code 403
2026-03-31T10:40:36.719Z [ERROR] [ZhihuDataSource] 知乎热榜获取最终失败 | Error: Request failed with status code 403
2026-03-31T10:40:36.719Z [INFO] [DataSourceManager] 获取到 0 条热点
2026-03-31T10:40:36.754Z [WARN] [ZhihuDataSource] 知乎热榜获取失败 (尝试 3/3): Request failed with status code 403
2026-03-31T10:40:36.754Z [ERROR] [ZhihuDataSource] 知乎热榜获取最终失败 | Error: Request failed with status code 403
2026-03-31T10:40:36.754Z [INFO] [DataSourceManager] 获取到 0 条热点
2026-03-31T10:40:54.682Z [WARN] [DataSourceManager] 从 HackerNews 获取数据超时
2026-03-31T10:40:54.683Z [INFO] [MonitorService] 共获取 52 条热点
2026-03-31T10:40:54.687Z [INFO] [MonitorService] 过滤后需要保存 1 条热点
2026-03-31T10:40:54.753Z [INFO] [MonitorService] 数据获取完成: 保存 1 条，跳过 51 条
2026-03-31T10:41:00.314Z [WARN] [DataSourceManager] 从 HackerNews 获取数据超时
2026-03-31T10:41:00.314Z [INFO] [MonitorService] 共获取 16 条热点
2026-03-31T10:41:00.317Z [WARN] [DataSourceManager] 从 HackerNews 获取数据超时
2026-03-31T10:41:00.318Z [INFO] [MonitorService] 过滤后需要保存 0 条热点
2026-03-31T10:41:00.318Z [INFO] [MonitorService] 共获取 16 条热点
2026-03-31T10:41:00.330Z [INFO] [MonitorService] 数据获取完成: 保存 0 条，跳过 16 条
2026-03-31T10:41:00.345Z [INFO] [MonitorService] 过滤后需要保存 0 条热点
2026-03-31T10:41:00.345Z [INFO] [MonitorService] 数据获取完成: 保存 0 条，跳过 16 条
2026-03-31T10:45:00.511Z [INFO] [MonitorService] 开始获取数据...
2026-03-31T10:45:00.513Z [INFO] [MonitorService] 开始获取数据...
2026-03-31T10:45:00.514Z [INFO] [MonitorService] 开始获取数据...
2026-03-31T10:45:00.515Z [INFO] [MonitorService] 找到 3 个活跃关键词
2026-03-31T10:45:00.516Z [INFO] [MonitorService] 找到 3 个活跃关键词
2026-03-31T10:45:00.517Z [INFO] [MonitorService] 找到 3 个活跃关键词
2026-03-31T10:45:00.517Z [INFO] [DataSourceManager] 从 WebScraper 获取数据...
2026-03-31T10:45:00.519Z [INFO] [DataSourceManager] 从 RSS 获取数据...
2026-03-31T10:45:00.520Z [INFO] [DataSourceManager] 从 Search 获取数据...
2026-03-31T10:45:00.522Z [INFO] [DataSourceManager] 从 WebScraper 获取数据...
2026-03-31T10:45:00.526Z [INFO] [DataSourceManager] 从 WebScraper 获取数据...
2026-03-31T10:45:00.524Z [INFO] [DataSourceManager] 从 RSS 获取数据...
2026-03-31T10:45:00.526Z [INFO] [DataSourceManager] 从 Search 获取数据...
2026-03-31T10:45:00.528Z [INFO] [DataSourceManager] 从 RSS 获取数据...
2026-03-31T10:45:00.529Z [INFO] [DataSourceManager] 从 Search 获取数据...
2026-03-31T10:45:02.199Z [INFO] [DataSourceManager] 获取到 0 条热点
2026-03-31T10:45:02.288Z [INFO] [DataSourceManager] 获取到 0 条热点
2026-03-31T10:45:02.290Z [INFO] [DataSourceManager] 获取到 0 条热点
2026-03-31T10:45:07.551Z [INFO] [DataSourceManager] 获取到 16 条热点
2026-03-31T10:45:08.203Z [INFO] [DataSourceManager] 获取到 16 条热点
2026-03-31T10:45:08.213Z [INFO] [DataSourceManager] 获取到 16 条热点
2026-03-31T10:45:27.776Z [INFO] [DataSourceManager] 获取到 36 条热点
2026-03-31T10:45:27.777Z [INFO] [DataSourceManager] 从 微博热搜 获取数据...
2026-03-31T10:45:27.779Z [INFO] [DataSourceManager] 从 知乎热榜 获取数据...
2026-03-31T10:45:27.781Z [INFO] [DataSourceManager] 从 Hacker News 获取数据...
2026-03-31T10:45:27.963Z [WARN] [ZhihuDataSource] 知乎热榜获取失败 (尝试 1/3): Request failed with status code 403
2026-03-31T10:45:28.317Z [INFO] [WeiboDataSource] 微博热搜获取成功: 0 条
2026-03-31T10:45:28.318Z [INFO] [DataSourceManager] 获取到 0 条热点
2026-03-31T10:45:28.940Z [INFO] [DataSourceManager] 获取到 36 条热点
2026-03-31T10:45:28.941Z [INFO] [DataSourceManager] 从 微博热搜 获取数据...
2026-03-31T10:45:28.942Z [INFO] [DataSourceManager] 从 知乎热榜 获取数据...
2026-03-31T10:45:28.943Z [INFO] [DataSourceManager] 从 Hacker News 获取数据...
2026-03-31T10:45:29.212Z [WARN] [ZhihuDataSource] 知乎热榜获取失败 (尝试 1/3): Request failed with status code 403
2026-03-31T10:45:29.263Z [INFO] [WeiboDataSource] 微博热搜获取成功: 0 条
2026-03-31T10:45:29.263Z [INFO] [DataSourceManager] 获取到 0 条热点
2026-03-31T10:45:29.584Z [INFO] [DataSourceManager] 获取到 36 条热点
2026-03-31T10:45:29.584Z [INFO] [DataSourceManager] 从 微博热搜 获取数据...
2026-03-31T10:45:29.587Z [INFO] [DataSourceManager] 从 知乎热榜 获取数据...
2026-03-31T10:45:29.588Z [INFO] [DataSourceManager] 从 Hacker News 获取数据...
2026-03-31T10:45:29.690Z [WARN] [ZhihuDataSource] 知乎热榜获取失败 (尝试 1/3): Request failed with status code 403
2026-03-31T10:45:29.924Z [INFO] [WeiboDataSource] 微博热搜获取成功: 0 条
2026-03-31T10:45:29.924Z [INFO] [DataSourceManager] 获取到 0 条热点
2026-03-31T10:45:30.074Z [WARN] [ZhihuDataSource] 知乎热榜获取失败 (尝试 2/3): Request failed with status code 403
2026-03-31T10:45:31.314Z [WARN] [ZhihuDataSource] 知乎热榜获取失败 (尝试 2/3): Request failed with status code 403
2026-03-31T10:45:31.843Z [WARN] [ZhihuDataSource] 知乎热榜获取失败 (尝试 2/3): Request failed with status code 403
2026-03-31T10:45:34.371Z [WARN] [ZhihuDataSource] 知乎热榜获取失败 (尝试 3/3): Request failed with status code 403
2026-03-31T10:45:34.372Z [ERROR] [ZhihuDataSource] 知乎热榜获取最终失败 | Error: Request failed with status code 403
2026-03-31T10:45:34.372Z [INFO] [DataSourceManager] 获取到 0 条热点
2026-03-31T10:45:35.765Z [WARN] [ZhihuDataSource] 知乎热榜获取失败 (尝试 3/3): Request failed with status code 403
2026-03-31T10:45:35.765Z [ERROR] [ZhihuDataSource] 知乎热榜获取最终失败 | Error: Request failed with status code 403
2026-03-31T10:45:35.765Z [INFO] [DataSourceManager] 获取到 0 条热点
2026-03-31T10:45:36.232Z [WARN] [ZhihuDataSource] 知乎热榜获取失败 (尝试 3/3): Request failed with status code 403
2026-03-31T10:45:36.232Z [ERROR] [ZhihuDataSource] 知乎热榜获取最终失败 | Error: Request failed with status code 403
2026-03-31T10:45:36.233Z [INFO] [DataSourceManager] 获取到 0 条热点
2026-03-31T10:45:57.781Z [WARN] [DataSourceManager] 从 HackerNews 获取数据超时
2026-03-31T10:45:57.782Z [INFO] [MonitorService] 共获取 52 条热点
2026-03-31T10:45:57.785Z [INFO] [MonitorService] 过滤后需要保存 0 条热点
2026-03-31T10:45:57.786Z [INFO] [MonitorService] 数据获取完成: 保存 0 条，跳过 52 条
2026-03-31T10:45:58.955Z [WARN] [DataSourceManager] 从 HackerNews 获取数据超时
2026-03-31T10:45:58.955Z [INFO] [MonitorService] 共获取 52 条热点
2026-03-31T10:45:58.959Z [INFO] [MonitorService] 过滤后需要保存 0 条热点
2026-03-31T10:45:58.959Z [INFO] [MonitorService] 数据获取完成: 保存 0 条，跳过 52 条
2026-03-31T10:45:59.594Z [WARN] [DataSourceManager] 从 HackerNews 获取数据超时
2026-03-31T10:45:59.595Z [INFO] [MonitorService] 共获取 52 条热点
2026-03-31T10:45:59.598Z [INFO] [MonitorService] 过滤后需要保存 0 条热点
2026-03-31T10:45:59.598Z [INFO] [MonitorService] 数据获取完成: 保存 0 条，跳过 52 条
2026-03-31T10:50:00.690Z [INFO] [MonitorService] 开始获取数据...
2026-03-31T10:50:00.692Z [INFO] [MonitorService] 开始获取数据...
2026-03-31T10:50:00.694Z [INFO] [MonitorService] 找到 3 个活跃关键词
2026-03-31T10:50:00.696Z [INFO] [MonitorService] 找到 3 个活跃关键词
2026-03-31T10:50:00.697Z [INFO] [DataSourceManager] 从 WebScraper 获取数据...
2026-03-31T10:50:00.701Z [INFO] [DataSourceManager] 从 RSS 获取数据...
2026-03-31T10:50:00.702Z [INFO] [DataSourceManager] 从 Search 获取数据...
2026-03-31T10:50:00.707Z [INFO] [DataSourceManager] 从 WebScraper 获取数据...
2026-03-31T10:50:00.710Z [INFO] [DataSourceManager] 从 RSS 获取数据...
2026-03-31T10:50:00.711Z [INFO] [DataSourceManager] 从 Search 获取数据...
2026-03-31T10:50:00.713Z [INFO] [MonitorService] 系统健康检查: 71 条热点, 3 个活跃关键词
2026-03-31T10:50:00.746Z [INFO] [MonitorService] 开始获取数据...
2026-03-31T10:50:00.749Z [INFO] [MonitorService] 找到 3 个活跃关键词
2026-03-31T10:50:00.750Z [INFO] [DataSourceManager] 从 WebScraper 获取数据...
2026-03-31T10:50:00.752Z [INFO] [DataSourceManager] 从 RSS 获取数据...
2026-03-31T10:50:00.753Z [INFO] [DataSourceManager] 从 Search 获取数据...
2026-03-31T10:50:00.754Z [INFO] [MonitorService] 系统健康检查: 71 条热点, 3 个活跃关键词
2026-03-31T10:50:00.980Z [INFO] [MonitorService] 系统健康检查: 71 条热点, 3 个活跃关键词
2026-03-31T10:50:02.104Z [INFO] [DataSourceManager] 获取到 0 条热点
2026-03-31T10:50:02.111Z [INFO] [DataSourceManager] 获取到 0 条热点
2026-03-31T10:50:02.155Z [INFO] [DataSourceManager] 获取到 0 条热点
2026-03-31T10:50:08.618Z [INFO] [DataSourceManager] 获取到 16 条热点
2026-03-31T10:50:08.680Z [INFO] [DataSourceManager] 获取到 16 条热点
2026-03-31T10:50:08.959Z [INFO] [DataSourceManager] 获取到 16 条热点
2026-03-31T10:50:21.695Z [INFO] [DataSourceManager] 获取到 36 条热点
2026-03-31T10:50:21.695Z [INFO] [DataSourceManager] 从 微博热搜 获取数据...
2026-03-31T10:50:21.697Z [INFO] [DataSourceManager] 从 知乎热榜 获取数据...
2026-03-31T10:50:21.698Z [INFO] [DataSourceManager] 从 Hacker News 获取数据...
2026-03-31T10:50:21.935Z [INFO] [DataSourceManager] 获取到 36 条热点
2026-03-31T10:50:21.936Z [INFO] [DataSourceManager] 从 微博热搜 获取数据...
2026-03-31T10:50:21.938Z [INFO] [DataSourceManager] 从 知乎热榜 获取数据...
2026-03-31T10:50:21.941Z [INFO] [DataSourceManager] 从 Hacker News 获取数据...
2026-03-31T10:50:21.953Z [WARN] [ZhihuDataSource] 知乎热榜获取失败 (尝试 1/3): Request failed with status code 403
2026-03-31T10:50:22.146Z [WARN] [ZhihuDataSource] 知乎热榜获取失败 (尝试 1/3): Request failed with status code 403
2026-03-31T10:50:22.302Z [INFO] [WeiboDataSource] 微博热搜获取成功: 0 条
2026-03-31T10:50:22.302Z [INFO] [DataSourceManager] 获取到 0 条热点
2026-03-31T10:50:22.419Z [INFO] [WeiboDataSource] 微博热搜获取成功: 0 条
2026-03-31T10:50:22.420Z [INFO] [DataSourceManager] 获取到 0 条热点
2026-03-31T10:50:24.236Z [WARN] [ZhihuDataSource] 知乎热榜获取失败 (尝试 2/3): Request failed with status code 403
2026-03-31T10:50:24.247Z [WARN] [ZhihuDataSource] 知乎热榜获取失败 (尝试 2/3): Request failed with status code 403
2026-03-31T10:50:25.584Z [INFO] [DataSourceManager] 获取到 36 条热点
2026-03-31T10:50:25.585Z [INFO] [DataSourceManager] 从 微博热搜 获取数据...
2026-03-31T10:50:25.586Z [INFO] [DataSourceManager] 从 知乎热榜 获取数据...
2026-03-31T10:50:25.587Z [INFO] [DataSourceManager] 从 Hacker News 获取数据...
2026-03-31T10:50:25.882Z [WARN] [ZhihuDataSource] 知乎热榜获取失败 (尝试 1/3): Request failed with status code 403
2026-03-31T10:50:26.975Z [INFO] [WeiboDataSource] 微博热搜获取成功: 0 条
2026-03-31T10:50:26.975Z [INFO] [DataSourceManager] 获取到 0 条热点
2026-03-31T10:50:28.246Z [WARN] [ZhihuDataSource] 知乎热榜获取失败 (尝试 2/3): Request failed with status code 403
2026-03-31T10:50:28.493Z [WARN] [ZhihuDataSource] 知乎热榜获取失败 (尝试 3/3): Request failed with status code 403
2026-03-31T10:50:28.495Z [WARN] [ZhihuDataSource] 知乎热榜获取失败 (尝试 3/3): Request failed with status code 403
2026-03-31T10:50:28.494Z [ERROR] [ZhihuDataSource] 知乎热榜获取最终失败 | Error: Request failed with status code 403
2026-03-31T10:50:28.494Z [INFO] [DataSourceManager] 获取到 0 条热点
2026-03-31T10:50:28.495Z [ERROR] [ZhihuDataSource] 知乎热榜获取最终失败 | Error: Request failed with status code 403
2026-03-31T10:50:28.496Z [INFO] [DataSourceManager] 获取到 0 条热点
2026-03-31T10:50:32.601Z [WARN] [ZhihuDataSource] 知乎热榜获取失败 (尝试 3/3): Request failed with status code 403
2026-03-31T10:50:32.601Z [ERROR] [ZhihuDataSource] 知乎热榜获取最终失败 | Error: Request failed with status code 403
2026-03-31T10:50:32.602Z [INFO] [DataSourceManager] 获取到 0 条热点
2026-03-31T10:50:51.712Z [WARN] [DataSourceManager] 从 HackerNews 获取数据超时
2026-03-31T10:50:51.712Z [INFO] [MonitorService] 共获取 52 条热点
2026-03-31T10:50:51.716Z [INFO] [MonitorService] 过滤后需要保存 0 条热点
2026-03-31T10:50:51.716Z [INFO] [MonitorService] 数据获取完成: 保存 0 条，跳过 52 条
2026-03-31T10:50:51.944Z [WARN] [DataSourceManager] 从 HackerNews 获取数据超时
2026-03-31T10:50:51.944Z [INFO] [MonitorService] 共获取 52 条热点
2026-03-31T10:50:51.947Z [INFO] [MonitorService] 过滤后需要保存 0 条热点
2026-03-31T10:50:51.947Z [INFO] [MonitorService] 数据获取完成: 保存 0 条，跳过 52 条
2026-03-31T10:50:55.588Z [WARN] [DataSourceManager] 从 HackerNews 获取数据超时
2026-03-31T10:50:55.588Z [INFO] [MonitorService] 共获取 52 条热点
2026-03-31T10:50:55.591Z [INFO] [MonitorService] 过滤后需要保存 0 条热点
2026-03-31T10:50:55.592Z [INFO] [MonitorService] 数据获取完成: 保存 0 条，跳过 52 条
2026-03-31T10:55:00.132Z [INFO] [MonitorService] 开始获取数据...
2026-03-31T10:55:00.133Z [INFO] [MonitorService] 开始获取数据...
2026-03-31T10:55:00.133Z [INFO] [MonitorService] 开始获取数据...
2026-03-31T10:55:00.134Z [INFO] [MonitorService] 找到 3 个活跃关键词
2026-03-31T10:55:00.135Z [INFO] [MonitorService] 找到 3 个活跃关键词
2026-03-31T10:55:00.135Z [INFO] [MonitorService] 找到 3 个活跃关键词
2026-03-31T10:55:00.136Z [INFO] [DataSourceManager] 从 WebScraper 获取数据...
2026-03-31T10:55:00.138Z [INFO] [DataSourceManager] 从 RSS 获取数据...
2026-03-31T10:55:00.139Z [INFO] [DataSourceManager] 从 Search 获取数据...
2026-03-31T10:55:00.141Z [INFO] [DataSourceManager] 从 WebScraper 获取数据...
2026-03-31T10:55:00.144Z [INFO] [DataSourceManager] 从 WebScraper 获取数据...
2026-03-31T10:55:00.142Z [INFO] [DataSourceManager] 从 RSS 获取数据...
2026-03-31T10:55:00.143Z [INFO] [DataSourceManager] 从 Search 获取数据...
2026-03-31T10:55:00.146Z [INFO] [DataSourceManager] 从 RSS 获取数据...
2026-03-31T10:55:00.147Z [INFO] [DataSourceManager] 从 Search 获取数据...
2026-03-31T10:55:01.933Z [INFO] [DataSourceManager] 获取到 0 条热点
2026-03-31T10:55:01.970Z [INFO] [DataSourceManager] 获取到 0 条热点
2026-03-31T10:55:01.972Z [INFO] [DataSourceManager] 获取到 0 条热点
2026-03-31T10:55:07.914Z [INFO] [DataSourceManager] 获取到 16 条热点
2026-03-31T10:55:08.641Z [INFO] [DataSourceManager] 获取到 16 条热点
2026-03-31T10:55:09.103Z [INFO] [DataSourceManager] 获取到 16 条热点
2026-03-31T10:55:23.222Z [INFO] [DataSourceManager] 获取到 36 条热点
2026-03-31T10:55:23.222Z [INFO] [DataSourceManager] 从 微博热搜 获取数据...
2026-03-31T10:55:23.224Z [INFO] [DataSourceManager] 从 知乎热榜 获取数据...
2026-03-31T10:55:23.225Z [INFO] [DataSourceManager] 从 Hacker News 获取数据...
2026-03-31T10:55:23.443Z [WARN] [ZhihuDataSource] 知乎热榜获取失败 (尝试 1/3): Request failed with status code 403
2026-03-31T10:55:23.638Z [INFO] [DataSourceManager] 获取到 36 条热点
2026-03-31T10:55:23.638Z [INFO] [DataSourceManager] 从 微博热搜 获取数据...
2026-03-31T10:55:23.640Z [INFO] [DataSourceManager] 从 知乎热榜 获取数据...
2026-03-31T10:55:23.641Z [INFO] [DataSourceManager] 从 Hacker News 获取数据...
2026-03-31T10:55:23.738Z [INFO] [WeiboDataSource] 微博热搜获取成功: 0 条
2026-03-31T10:55:23.738Z [INFO] [DataSourceManager] 获取到 0 条热点
2026-03-31T10:55:23.745Z [WARN] [ZhihuDataSource] 知乎热榜获取失败 (尝试 1/3): Request failed with status code 403
2026-03-31T10:55:23.977Z [INFO] [WeiboDataSource] 微博热搜获取成功: 0 条
2026-03-31T10:55:23.977Z [INFO] [DataSourceManager] 获取到 0 条热点
2026-03-31T10:55:25.539Z [WARN] [ZhihuDataSource] 知乎热榜获取失败 (尝试 2/3): Request failed with status code 403
2026-03-31T10:55:25.847Z [WARN] [ZhihuDataSource] 知乎热榜获取失败 (尝试 2/3): Request failed with status code 403
2026-03-31T10:55:29.672Z [WARN] [ZhihuDataSource] 知乎热榜获取失败 (尝试 3/3): Request failed with status code 403
2026-03-31T10:55:29.672Z [ERROR] [ZhihuDataSource] 知乎热榜获取最终失败 | Error: Request failed with status code 403
2026-03-31T10:55:29.672Z [INFO] [DataSourceManager] 获取到 0 条热点
2026-03-31T10:55:29.968Z [WARN] [ZhihuDataSource] 知乎热榜获取失败 (尝试 3/3): Request failed with status code 403
2026-03-31T10:55:29.968Z [ERROR] [ZhihuDataSource] 知乎热榜获取最终失败 | Error: Request failed with status code 403
2026-03-31T10:55:29.969Z [INFO] [DataSourceManager] 获取到 0 条热点
2026-03-31T10:55:30.142Z [WARN] [DataSourceManager] 从 RSS 获取数据超时
2026-03-31T10:55:30.142Z [INFO] [DataSourceManager] 从 微博热搜 获取数据...
2026-03-31T10:55:30.143Z [INFO] [DataSourceManager] 从 知乎热榜 获取数据...
2026-03-31T10:55:30.144Z [INFO] [DataSourceManager] 从 Hacker News 获取数据...
2026-03-31T10:55:30.256Z [WARN] [ZhihuDataSource] 知乎热榜获取失败 (尝试 1/3): Request failed with status code 403
2026-03-31T10:55:30.611Z [INFO] [WeiboDataSource] 微博热搜获取成功: 0 条
2026-03-31T10:55:30.611Z [INFO] [DataSourceManager] 获取到 0 条热点
2026-03-31T10:55:32.387Z [WARN] [ZhihuDataSource] 知乎热榜获取失败 (尝试 2/3): Request failed with status code 403
2026-03-31T10:55:36.540Z [WARN] [ZhihuDataSource] 知乎热榜获取失败 (尝试 3/3): Request failed with status code 403
2026-03-31T10:55:36.540Z [ERROR] [ZhihuDataSource] 知乎热榜获取最终失败 | Error: Request failed with status code 403
2026-03-31T10:55:36.541Z [INFO] [DataSourceManager] 获取到 0 条热点
2026-03-31T10:55:53.237Z [WARN] [DataSourceManager] 从 HackerNews 获取数据超时
2026-03-31T10:55:53.238Z [INFO] [MonitorService] 共获取 52 条热点
2026-03-31T10:55:53.241Z [INFO] [MonitorService] 过滤后需要保存 0 条热点
2026-03-31T10:55:53.242Z [INFO] [MonitorService] 数据获取完成: 保存 0 条，跳过 52 条
2026-03-31T10:55:53.652Z [WARN] [DataSourceManager] 从 HackerNews 获取数据超时
2026-03-31T10:55:53.653Z [INFO] [MonitorService] 共获取 52 条热点
2026-03-31T10:55:53.660Z [INFO] [MonitorService] 过滤后需要保存 0 条热点
2026-03-31T10:55:53.660Z [INFO] [MonitorService] 数据获取完成: 保存 0 条，跳过 52 条
2026-03-31T10:56:00.153Z [WARN] [DataSourceManager] 从 HackerNews 获取数据超时
2026-03-31T10:56:00.153Z [INFO] [MonitorService] 共获取 16 条热点
2026-03-31T10:56:00.155Z [INFO] [MonitorService] 过滤后需要保存 0 条热点
2026-03-31T10:56:00.155Z [INFO] [MonitorService] 数据获取完成: 保存 0 条，跳过 16 条
2026-03-31T11:00:00.424Z [INFO] [MonitorService] 开始获取数据...
2026-03-31T11:00:00.425Z [INFO] [MonitorService] 开始获取数据...
2026-03-31T11:00:00.426Z [INFO] [MonitorService] 开始获取数据...
2026-03-31T11:00:00.428Z [INFO] [MonitorService] 找到 3 个活跃关键词
2026-03-31T11:00:00.429Z [INFO] [MonitorService] 找到 3 个活跃关键词
2026-03-31T11:00:00.430Z [INFO] [MonitorService] 找到 3 个活跃关键词
2026-03-31T11:00:00.431Z [INFO] [DataSourceManager] 从 WebScraper 获取数据...
2026-03-31T11:00:00.442Z [INFO] [DataSourceManager] 从 WebScraper 获取数据...
2026-03-31T11:00:00.435Z [INFO] [DataSourceManager] 从 RSS 获取数据...
2026-03-31T11:00:00.436Z [INFO] [DataSourceManager] 从 Search 获取数据...
2026-03-31T11:00:00.444Z [INFO] [DataSourceManager] 从 RSS 获取数据...
2026-03-31T11:00:00.446Z [INFO] [DataSourceManager] 从 Search 获取数据...
2026-03-31T11:00:00.448Z [INFO] [DataSourceManager] 从 WebScraper 获取数据...
2026-03-31T11:00:00.453Z [INFO] [MonitorService] 系统健康检查: 71 条热点, 3 个活跃关键词
2026-03-31T11:00:00.453Z [INFO] [MonitorService] 系统健康检查: 71 条热点, 3 个活跃关键词
2026-03-31T11:00:00.449Z [INFO] [DataSourceManager] 从 RSS 获取数据...
2026-03-31T11:00:00.451Z [INFO] [DataSourceManager] 从 Search 获取数据...
2026-03-31T11:00:00.456Z [INFO] [MonitorService] 系统健康检查: 71 条热点, 3 个活跃关键词
2026-03-31T11:00:01.984Z [INFO] [DataSourceManager] 获取到 0 条热点
2026-03-31T11:00:02.059Z [INFO] [DataSourceManager] 获取到 0 条热点
2026-03-31T11:00:02.103Z [INFO] [DataSourceManager] 获取到 0 条热点
2026-03-31T11:00:07.859Z [INFO] [DataSourceManager] 获取到 16 条热点
2026-03-31T11:00:08.128Z [INFO] [DataSourceManager] 获取到 16 条热点
2026-03-31T11:00:08.524Z [INFO] [DataSourceManager] 获取到 16 条热点
2026-03-31T11:00:30.447Z [WARN] [DataSourceManager] 从 RSS 获取数据超时
2026-03-31T11:00:30.453Z [WARN] [DataSourceManager] 从 RSS 获取数据超时
2026-03-31T11:00:30.448Z [INFO] [DataSourceManager] 从 微博热搜 获取数据...
2026-03-31T11:00:30.453Z [INFO] [DataSourceManager] 从 微博热搜 获取数据...
2026-03-31T11:00:30.449Z [INFO] [DataSourceManager] 从 知乎热榜 获取数据...
2026-03-31T11:00:30.450Z [INFO] [DataSourceManager] 从 Hacker News 获取数据...
2026-03-31T11:00:30.455Z [INFO] [DataSourceManager] 从 知乎热榜 获取数据...
2026-03-31T11:00:30.456Z [INFO] [DataSourceManager] 从 Hacker News 获取数据...
2026-03-31T11:00:30.464Z [WARN] [DataSourceManager] 从 RSS 获取数据超时
2026-03-31T11:00:30.464Z [INFO] [DataSourceManager] 从 微博热搜 获取数据...
2026-03-31T11:00:30.467Z [INFO] [DataSourceManager] 从 知乎热榜 获取数据...
2026-03-31T11:00:30.468Z [INFO] [DataSourceManager] 从 Hacker News 获取数据...
2026-03-31T11:00:30.682Z [WARN] [ZhihuDataSource] 知乎热榜获取失败 (尝试 1/3): Request failed with status code 403
2026-03-31T11:00:30.704Z [WARN] [ZhihuDataSource] 知乎热榜获取失败 (尝试 1/3): Request failed with status code 403
2026-03-31T11:00:31.083Z [WARN] [ZhihuDataSource] 知乎热榜获取失败 (尝试 1/3): Request failed with status code 403
2026-03-31T11:00:31.096Z [INFO] [WeiboDataSource] 微博热搜获取成功: 0 条
2026-03-31T11:00:31.096Z [INFO] [DataSourceManager] 获取到 0 条热点
2026-03-31T11:00:31.100Z [INFO] [WeiboDataSource] 微博热搜获取成功: 0 条
2026-03-31T11:00:31.100Z [INFO] [DataSourceManager] 获取到 0 条热点
2026-03-31T11:00:31.297Z [INFO] [WeiboDataSource] 微博热搜获取成功: 0 条
2026-03-31T11:00:31.297Z [INFO] [DataSourceManager] 获取到 0 条热点
2026-03-31T11:00:32.829Z [WARN] [ZhihuDataSource] 知乎热榜获取失败 (尝试 2/3): Request failed with status code 403
2026-03-31T11:00:32.848Z [WARN] [ZhihuDataSource] 知乎热榜获取失败 (尝试 2/3): Request failed with status code 403
2026-03-31T11:00:33.318Z [WARN] [ZhihuDataSource] 知乎热榜获取失败 (尝试 2/3): Request failed with status code 403
2026-03-31T11:00:36.974Z [WARN] [ZhihuDataSource] 知乎热榜获取失败 (尝试 3/3): Request failed with status code 403
2026-03-31T11:00:36.975Z [ERROR] [ZhihuDataSource] 知乎热榜获取最终失败 | Error: Request failed with status code 403
2026-03-31T11:00:36.975Z [INFO] [DataSourceManager] 获取到 0 条热点
2026-03-31T11:00:37.057Z [WARN] [ZhihuDataSource] 知乎热榜获取失败 (尝试 3/3): Request failed with status code 403
2026-03-31T11:00:37.058Z [ERROR] [ZhihuDataSource] 知乎热榜获取最终失败 | Error: Request failed with status code 403
2026-03-31T11:00:37.058Z [INFO] [DataSourceManager] 获取到 0 条热点
2026-03-31T11:00:37.428Z [WARN] [ZhihuDataSource] 知乎热榜获取失败 (尝试 3/3): Request failed with status code 403
2026-03-31T11:00:37.428Z [ERROR] [ZhihuDataSource] 知乎热榜获取最终失败 | Error: Request failed with status code 403
2026-03-31T11:00:37.428Z [INFO] [DataSourceManager] 获取到 0 条热点
2026-03-31T11:01:00.455Z [WARN] [DataSourceManager] 从 HackerNews 获取数据超时
2026-03-31T11:01:00.456Z [INFO] [MonitorService] 共获取 16 条热点
2026-03-31T11:01:00.456Z [WARN] [DataSourceManager] 从 HackerNews 获取数据超时
2026-03-31T11:01:00.457Z [INFO] [MonitorService] 共获取 16 条热点
2026-03-31T11:01:00.460Z [INFO] [MonitorService] 过滤后需要保存 0 条热点
2026-03-31T11:01:00.461Z [INFO] [MonitorService] 数据获取完成: 保存 0 条，跳过 16 条
2026-03-31T11:01:00.472Z [WARN] [DataSourceManager] 从 HackerNews 获取数据超时
2026-03-31T11:01:00.472Z [INFO] [MonitorService] 共获取 16 条热点
2026-03-31T11:01:00.475Z [INFO] [MonitorService] 过滤后需要保存 0 条热点
2026-03-31T11:01:00.475Z [INFO] [MonitorService] 数据获取完成: 保存 0 条，跳过 16 条
2026-03-31T11:01:00.488Z [INFO] [MonitorService] 过滤后需要保存 0 条热点
2026-03-31T11:01:00.488Z [INFO] [MonitorService] 数据获取完成: 保存 0 条，跳过 16 条
2026-03-31T11:18:30.064Z [INFO] [MonitorService] 热点监控服务启动...
2026-03-31T11:18:30.065Z [INFO] [DataSourceManager] 初始化数据源管理器...
2026-03-31T11:18:30.072Z [INFO] [DataSourceManager] 已加载 6 个数据源
2026-03-31T11:18:30.076Z [INFO] [MonitorService] 启动任务: 数据获取 (每5分钟)
2026-03-31T11:18:30.076Z [INFO] [MonitorService] 启动任务: 数据清理 (每天凌晨)
2026-03-31T11:18:30.077Z [INFO] [MonitorService] 启动任务: 健康检查 (每10分钟)
2026-03-31T11:18:30.078Z [INFO] [MonitorService] 热点监控服务启动成功
2026-03-31T11:18:30.078Z [INFO] [MonitorService] 开始获取数据...
2026-03-31T11:18:30.264Z [INFO] [MonitorService] 找到 3 个活跃关键词
2026-03-31T11:18:30.434Z [INFO] [DataSourceManager] 从 WebScraper 获取数据...
2026-03-31T11:18:30.455Z [INFO] [DataSourceManager] 从 RSS 获取数据...
2026-03-31T11:18:30.462Z [INFO] [DataSourceManager] 从 Search 获取数据...
2026-03-31T11:18:38.290Z [INFO] [DataSourceManager] 获取到 0 条热点
2026-03-31T11:18:55.348Z [INFO] [DataSourceManager] 获取到 38 条热点
2026-03-31T11:19:00.477Z [WARN] [DataSourceManager] 从 Search 获取数据超时
2026-03-31T11:19:00.478Z [INFO] [DataSourceManager] 从 微博热搜 获取数据...
2026-03-31T11:19:00.480Z [INFO] [DataSourceManager] 从 知乎热榜 获取数据...
2026-03-31T11:19:00.483Z [INFO] [DataSourceManager] 从 Hacker News 获取数据...
2026-03-31T11:19:00.758Z [WARN] [ZhihuDataSource] 知乎热榜获取失败 (尝试 1/3): Request failed with status code 403
2026-03-31T11:19:01.268Z [INFO] [WeiboDataSource] 微博热搜获取成功: 0 条
2026-03-31T11:19:01.269Z [INFO] [DataSourceManager] 获取到 0 条热点
2026-03-31T11:19:02.884Z [WARN] [ZhihuDataSource] 知乎热榜获取失败 (尝试 2/3): Request failed with status code 403
2026-03-31T11:19:07.409Z [WARN] [ZhihuDataSource] 知乎热榜获取失败 (尝试 3/3): Request failed with status code 403
2026-03-31T11:19:07.409Z [ERROR] [ZhihuDataSource] 知乎热榜获取最终失败 | Error: Request failed with status code 403
2026-03-31T11:19:07.410Z [INFO] [DataSourceManager] 获取到 0 条热点
2026-03-31T11:19:30.490Z [WARN] [DataSourceManager] 从 HackerNews 获取数据超时
2026-03-31T11:19:30.491Z [INFO] [MonitorService] 共获取 38 条热点
2026-03-31T11:19:30.496Z [INFO] [MonitorService] 过滤后需要保存 1 条热点
2026-03-31T11:19:30.581Z [INFO] [MonitorService] 数据获取完成: 保存 1 条，跳过 37 条
2026-03-31T11:20:00.849Z [INFO] [MonitorService] 开始获取数据...
2026-03-31T11:20:00.851Z [INFO] [MonitorService] 找到 3 个活跃关键词
2026-03-31T11:20:00.853Z [INFO] [DataSourceManager] 从 WebScraper 获取数据...
2026-03-31T11:20:00.855Z [INFO] [DataSourceManager] 从 RSS 获取数据...
2026-03-31T11:20:00.856Z [INFO] [DataSourceManager] 从 Search 获取数据...
2026-03-31T11:20:01.102Z [INFO] [MonitorService] 系统健康检查: 72 条热点, 3 个活跃关键词
2026-03-31T11:20:02.948Z [INFO] [DataSourceManager] 获取到 0 条热点
2026-03-31T11:20:30.862Z [WARN] [DataSourceManager] 从 RSS 获取数据超时
2026-03-31T11:20:30.862Z [WARN] [DataSourceManager] 从 Search 获取数据超时
2026-03-31T11:20:30.863Z [INFO] [DataSourceManager] 从 微博热搜 获取数据...
2026-03-31T11:20:30.865Z [INFO] [DataSourceManager] 从 知乎热榜 获取数据...
2026-03-31T11:20:30.867Z [INFO] [DataSourceManager] 从 Hacker News 获取数据...
2026-03-31T11:20:31.064Z [WARN] [ZhihuDataSource] 知乎热榜获取失败 (尝试 1/3): Request failed with status code 403
2026-03-31T11:20:31.660Z [INFO] [WeiboDataSource] 微博热搜获取成功: 0 条
2026-03-31T11:20:31.660Z [INFO] [DataSourceManager] 获取到 0 条热点
2026-03-31T11:20:33.221Z [WARN] [ZhihuDataSource] 知乎热榜获取失败 (尝试 2/3): Request failed with status code 403
2026-03-31T11:20:37.555Z [WARN] [ZhihuDataSource] 知乎热榜获取失败 (尝试 3/3): Request failed with status code 403
2026-03-31T11:20:37.556Z [ERROR] [ZhihuDataSource] 知乎热榜获取最终失败 | Error: Request failed with status code 403
2026-03-31T11:20:37.556Z [INFO] [DataSourceManager] 获取到 0 条热点
2026-03-31T11:21:00.882Z [WARN] [DataSourceManager] 从 HackerNews 获取数据超时
2026-03-31T11:21:00.883Z [INFO] [DataSourceManager] 没有获取到热点数据，使用默认热点数据
2026-03-31T11:21:00.883Z [INFO] [MonitorService] 共获取 5 条热点
2026-03-31T11:21:00.887Z [INFO] [MonitorService] 过滤后需要保存 5 条热点
2026-03-31T11:21:00.956Z [INFO] [MonitorService] 数据获取完成: 保存 5 条，跳过 0 条
2026-03-31T11:22:31.689Z [INFO] [MonitorService] 热点监控服务启动...
2026-03-31T11:22:31.690Z [INFO] [DataSourceManager] 初始化数据源管理器...
2026-03-31T11:22:31.991Z [INFO] [DataSourceManager] 已加载 6 个数据源
2026-03-31T11:22:31.996Z [INFO] [MonitorService] 启动任务: 数据获取 (每5分钟)
2026-03-31T11:22:31.997Z [INFO] [MonitorService] 启动任务: 数据清理 (每天凌晨)
2026-03-31T11:22:31.999Z [INFO] [MonitorService] 启动任务: 健康检查 (每10分钟)
2026-03-31T11:22:31.999Z [INFO] [MonitorService] 热点监控服务启动成功
2026-03-31T11:22:32.001Z [INFO] [MonitorService] 开始获取数据...
2026-03-31T11:22:32.008Z [INFO] [MonitorService] 找到 3 个活跃关键词
2026-03-31T11:22:32.076Z [INFO] [DataSourceManager] 从 WebScraper 获取数据...
2026-03-31T11:22:32.108Z [INFO] [DataSourceManager] 从 RSS 获取数据...
2026-03-31T11:22:32.117Z [INFO] [DataSourceManager] 从 Search 获取数据...
2026-03-31T11:22:40.478Z [INFO] [DataSourceManager] 获取到 0 条热点
2026-03-31T11:23:00.835Z [INFO] [DataSourceManager] 获取到 38 条热点
2026-03-31T11:23:02.126Z [WARN] [DataSourceManager] 从 Search 获取数据超时
2026-03-31T11:23:02.127Z [INFO] [DataSourceManager] 从 微博热搜 获取数据...
2026-03-31T11:23:02.129Z [INFO] [DataSourceManager] 从 知乎热榜 获取数据...
2026-03-31T11:23:02.131Z [INFO] [DataSourceManager] 从 Hacker News 获取数据...
2026-03-31T11:23:02.341Z [WARN] [ZhihuDataSource] 知乎热榜获取失败 (尝试 1/3): Request failed with status code 403
2026-03-31T11:23:02.740Z [INFO] [WeiboDataSource] 微博热搜获取成功: 0 条
2026-03-31T11:23:02.740Z [INFO] [DataSourceManager] 获取到 0 条热点
2026-03-31T11:23:04.769Z [WARN] [ZhihuDataSource] 知乎热榜获取失败 (尝试 2/3): Request failed with status code 403
2026-03-31T11:23:09.017Z [WARN] [ZhihuDataSource] 知乎热榜获取失败 (尝试 3/3): Request failed with status code 403
2026-03-31T11:23:09.018Z [ERROR] [ZhihuDataSource] 知乎热榜获取最终失败 | Error: Request failed with status code 403
2026-03-31T11:23:09.019Z [INFO] [DataSourceManager] 获取到 0 条热点
2026-03-31T11:23:32.131Z [WARN] [DataSourceManager] 从 HackerNews 获取数据超时
2026-03-31T11:23:32.132Z [INFO] [MonitorService] 共获取 38 条热点
2026-03-31T11:23:32.139Z [INFO] [MonitorService] 过滤后需要保存 0 条热点
2026-03-31T11:23:32.141Z [INFO] [MonitorService] 数据获取完成: 保存 0 条，跳过 38 条
2026-03-31T11:25:00.352Z [INFO] [MonitorService] 开始获取数据...
2026-03-31T11:25:00.354Z [INFO] [MonitorService] 找到 3 个活跃关键词
2026-03-31T11:25:00.356Z [INFO] [DataSourceManager] 从 WebScraper 获取数据...
2026-03-31T11:25:00.359Z [INFO] [DataSourceManager] 从 RSS 获取数据...
2026-03-31T11:25:00.361Z [INFO] [DataSourceManager] 从 Search 获取数据...
2026-03-31T11:25:00.499Z [INFO] [MonitorService] 开始获取数据...
2026-03-31T11:25:00.503Z [INFO] [MonitorService] 找到 3 个活跃关键词
2026-03-31T11:25:00.597Z [INFO] [DataSourceManager] 从 WebScraper 获取数据...
2026-03-31T11:25:00.599Z [INFO] [DataSourceManager] 从 RSS 获取数据...
2026-03-31T11:25:00.601Z [INFO] [DataSourceManager] 从 Search 获取数据...
2026-03-31T11:25:08.666Z [INFO] [DataSourceManager] 获取到 0 条热点
2026-03-31T11:25:08.668Z [INFO] [DataSourceManager] 获取到 0 条热点
